[    1040ms] [ERROR] Failed to load resource: the server responded with a status of 404 () @ https://devoriales.com/static/post_images/ingress-controller-flow.png:0
[    1685ms] [ERROR] All created TinyMCE editors are configured to be read-only. @ https://cdn.tiny.cloud/1/no-api-key/tinymce/6/tinymce.min.js:36
[    1685ms] [WARNING] A valid API key is required to continue using TinyMCE.

*Please alert the admin* to check the current API key.

Read to learn more:
https://www.tiny.cloud/docs/tinymce/latest/invalid-api-key/?utm_campaign=no_api_key_learn_more&utm_source=tiny&utm_medium=referral

↓↓↓↓↓ ATTENTION ADMINS ↓↓↓↓↓
Please include these details in Tiny Cloud support requests.
Resolved API key: no-api-key
Editor read-only?: yes
Origin: https://devoriales.com
Tiny Cloud entry URL: https://cdn.tiny.cloud/1/no-api-key/tinymce/6/tinymce.min.js
↑↑↑↑↑ ---------------- ↑↑↑↑↑ @ https://cdn.tiny.cloud/1/no-api-key/tinymce/6/tinymce.min.js:24
[    1696ms] [LOG] Quiz script loading - MINIMAL VERSION... @ https://devoriales.com/quiz/20/take/98:6826
[    1696ms] [LOG] Configuration loaded - totalQuestions: 16 attemptId: 98 @ https://devoriales.com/quiz/20/take/98:6850
[    1702ms] [ERROR] Failed to find a valid digest in the 'integrity' attribute for resource 'https://static.cloudflareinsights.com/beacon.min.js/v833ccba57c9e4d2798f2e76cebdd09a11778172276447' with computed SHA-512 integrity 'z4PhNX7vuL3xVChQ1m2AB9Yg5AULVxXcg/SpIdNs6c5H0NE8XYXysP+DGNKHfuwvY7kxvUdBeoGlODJ6+SfaPg=='. The resource has been blocked. @ https://devoriales.com/quiz/20/take/98:0
[    1742ms] [LOG] DOM loaded, initializing quiz... @ https://devoriales.com/quiz/20/take/98:6856
[    1742ms] [LOG] User answers data loaded from JSON script: 0 questions @ https://devoriales.com/quiz/20/take/98:6864
[    1742ms] [LOG] Form element found: true @ https://devoriales.com/quiz/20/take/98:6888
[    1742ms] [LOG] Progress elements found: true true @ https://devoriales.com/quiz/20/take/98:6889
[    1743ms] [LOG] Setting up navigation listeners... @ https://devoriales.com/quiz/20/take/98:7214
[    1743ms] [LOG] Previous buttons found: 16 @ https://devoriales.com/quiz/20/take/98:7218
[    1743ms] [LOG] Next buttons found: 15 @ https://devoriales.com/quiz/20/take/98:7225
[    1743ms] [LOG] Submit buttons found: 1 @ https://devoriales.com/quiz/20/take/98:7232
[    1743ms] [LOG] Navigation listeners setup complete @ https://devoriales.com/quiz/20/take/98:7237
[    1743ms] [LOG] Answer options found: 61 @ https://devoriales.com/quiz/20/take/98:6979
[    1743ms] [LOG] Question number buttons found: 16 @ https://devoriales.com/quiz/20/take/98:6997
[    1745ms] [WARNING] Prism.js not loaded - syntax highlighting unavailable @ https://devoriales.com/quiz/20/take/98:7038
[    1749ms] [LOG] Copy buttons added to code blocks @ https://devoriales.com/quiz/20/take/98:7087
[    1749ms] [LOG] AI Assistant elements not found @ https://devoriales.com/quiz/20/take/98:7577
